2019-03-29 15:00:52 Error: [MissingPluginException] Plugin DebugKit could not be found.
Exception Attributes: array (
  'plugin' => 'DebugKit',
)
Request URL: /AMPfg10/
Stack Trace:
#0 /Users/jasont/Sites/AMPfg10/lib/Cake/Core/App.php(227): CakePlugin::path('DebugKit')
#1 /Users/jasont/Sites/AMPfg10/lib/Cake/Core/App.php(549): App::path('Controller/Comp...', 'DebugKit')
#2 [internal function]: App::load('ToolbarComponen...')
#3 [internal function]: spl_autoload_call('ToolbarComponen...')
#4 /Users/jasont/Sites/AMPfg10/lib/Cake/Controller/ComponentCollection.php(110): class_exists('ToolbarComponen...')
#5 /Users/jasont/Sites/AMPfg10/lib/Cake/Controller/ComponentCollection.php(53): ComponentCollection->load('DebugKit.Toolba...', Array)
#6 /Users/jasont/Sites/AMPfg10/lib/Cake/Controller/Controller.php(649): ComponentCollection->init(Object(PagesController))
#7 /Users/jasont/Sites/AMPfg10/lib/Cake/Routing/Dispatcher.php(188): Controller->constructClasses()
#8 /Users/jasont/Sites/AMPfg10/lib/Cake/Routing/Dispatcher.php(167): Dispatcher->_invoke(Object(PagesController), Object(CakeRequest))
#9 /Users/jasont/Sites/AMPfg10/app/webroot/index.php(118): Dispatcher->dispatch(Object(CakeRequest), Object(CakeResponse))
#10 {main}
2019-03-29 15:07:40 Error: [MissingPluginException] Plugin DebugKit could not be found.
Exception Attributes: array (
  'plugin' => 'DebugKit',
)
Request URL: /AMPfg10/
Stack Trace:
#0 /Users/jasont/Sites/AMPfg10/app/Vendor/cakephp/cakephp/lib/Cake/Core/App.php(227): CakePlugin::path('DebugKit')
#1 /Users/jasont/Sites/AMPfg10/app/Vendor/cakephp/cakephp/lib/Cake/Core/App.php(549): App::path('Controller/Comp...', 'DebugKit')
#2 [internal function]: App::load('ToolbarComponen...')
#3 [internal function]: spl_autoload_call('ToolbarComponen...')
#4 /Users/jasont/Sites/AMPfg10/app/Vendor/cakephp/cakephp/lib/Cake/Controller/ComponentCollection.php(110): class_exists('ToolbarComponen...')
#5 /Users/jasont/Sites/AMPfg10/app/Vendor/cakephp/cakephp/lib/Cake/Controller/ComponentCollection.php(53): ComponentCollection->load('DebugKit.Toolba...', Array)
#6 /Users/jasont/Sites/AMPfg10/app/Vendor/cakephp/cakephp/lib/Cake/Controller/Controller.php(649): ComponentCollection->init(Object(PagesController))
#7 /Users/jasont/Sites/AMPfg10/app/Vendor/cakephp/cakephp/lib/Cake/Routing/Dispatcher.php(188): Controller->constructClasses()
#8 /Users/jasont/Sites/AMPfg10/app/Vendor/cakephp/cakephp/lib/Cake/Routing/Dispatcher.php(167): Dispatcher->_invoke(Object(PagesController), Object(CakeRequest))
#9 /Users/jasont/Sites/AMPfg10/app/webroot/index.php(118): Dispatcher->dispatch(Object(CakeRequest), Object(CakeResponse))
#10 {main}
2019-03-29 15:08:17 Error: [MissingDatasourceConfigException] The datasource configuration "default" was not found in database.php
Exception Attributes: array (
  'config' => 'default',
)
Request URL: /AMPfg10/
Stack Trace:
#0 /Users/jasont/Sites/AMPfg10/app/Vendor/cakephp/cakephp/lib/Cake/Model/ConnectionManager.php(91): ConnectionManager::_getConnectionObject('default')
#1 /Users/jasont/Sites/AMPfg10/app/Vendor/cakephp/cakephp/lib/Cake/Model/Model.php(3646): ConnectionManager::getDataSource('default')
#2 /Users/jasont/Sites/AMPfg10/app/Vendor/cakephp/cakephp/lib/Cake/Model/Model.php(1162): Model->setDataSource('default')
#3 /Users/jasont/Sites/AMPfg10/app/Vendor/cakephp/cakephp/lib/Cake/Model/Model.php(3673): Model->setSource('users')
#4 /Users/jasont/Sites/AMPfg10/app/Vendor/cakephp/cakephp/lib/Cake/Model/Model.php(3040): Model->getDataSource()
#5 /Users/jasont/Sites/AMPfg10/app/Vendor/cakephp/cakephp/lib/Cake/Model/Model.php(3012): Model->_readDataSource('list', Array)
#6 /Users/jasont/Sites/AMPfg10/app/Controller/AppController.php(222): Model->find('list', Array)
#7 [internal function]: AppController->beforeFilter(Object(CakeEvent))
#8 /Users/jasont/Sites/AMPfg10/app/Vendor/cakephp/cakephp/lib/Cake/Event/CakeEventManager.php(243): call_user_func(Array, Object(CakeEvent))
#9 /Users/jasont/Sites/AMPfg10/app/Vendor/cakephp/cakephp/lib/Cake/Controller/Controller.php(682): CakeEventManager->dispatch(Object(CakeEvent))
#10 /Users/jasont/Sites/AMPfg10/app/Vendor/cakephp/cakephp/lib/Cake/Routing/Dispatcher.php(189): Controller->startupProcess()
#11 /Users/jasont/Sites/AMPfg10/app/Vendor/cakephp/cakephp/lib/Cake/Routing/Dispatcher.php(167): Dispatcher->_invoke(Object(PagesController), Object(CakeRequest))
#12 /Users/jasont/Sites/AMPfg10/app/webroot/index.php(118): Dispatcher->dispatch(Object(CakeRequest), Object(CakeResponse))
#13 {main}
2019-03-29 15:31:51 Error: [PDOException] SQLSTATE[42S22]: Column not found: 1054 Unknown column 'FOLDER' in 'field list'
Request URL: /AMPfg10/users/login
Stack Trace:
#0 /Users/jasont/Sites/AMPfg10/lib/Cake/Model/Datasource/DboSource.php(502): PDOStatement->execute(Array)
#1 /Users/jasont/Sites/AMPfg10/lib/Cake/Model/Datasource/DboSource.php(468): DboSource->_execute('SELECT `Catalog...', Array)
#2 /Users/jasont/Sites/AMPfg10/lib/Cake/Model/Datasource/DboSource.php(715): DboSource->execute('SELECT `Catalog...', Array, Array)
#3 /Users/jasont/Sites/AMPfg10/lib/Cake/Model/Datasource/DboSource.php(1587): DboSource->fetchAll('SELECT `Catalog...', Array)
#4 /Users/jasont/Sites/AMPfg10/lib/Cake/Model/Datasource/DboSource.php(1436): DboSource->_fetchHasAndBelongsToMany(Object(User), 'SELECT `Catalog...', Array, 'Catalog')
#5 /Users/jasont/Sites/AMPfg10/lib/Cake/Model/Datasource/DboSource.php(1257): DboSource->queryAssociation(Object(User), Object(Catalog), 'hasAndBelongsTo...', 'Catalog', Array, Array, true, Array, 0, Array)
#6 /Users/jasont/Sites/AMPfg10/lib/Cake/Model/Model.php(3040): DboSource->read(Object(User), Array)
#7 /Users/jasont/Sites/AMPfg10/lib/Cake/Model/Model.php(3012): Model->_readDataSource('all', Array)
#8 /Users/jasont/Sites/AMPfg10/app/Model/User.php(739): Model->find('all', Array)
#9 /Users/jasont/Sites/AMPfg10/app/Controller/AppController.php(407): User->getOwnedCatalogRoots('4')
#10 /Users/jasont/Sites/AMPfg10/app/Controller/UsersController.php(119): AppController->setNodeAccess()
#11 /Users/jasont/Sites/AMPfg10/app/Controller/UsersController.php(57): UsersController->initUser()
#12 [internal function]: UsersController->login()
#13 /Users/jasont/Sites/AMPfg10/lib/Cake/Controller/Controller.php(499): ReflectionMethod->invokeArgs(Object(UsersController), Array)
#14 /Users/jasont/Sites/AMPfg10/lib/Cake/Routing/Dispatcher.php(193): Controller->invokeAction(Object(CakeRequest))
#15 /Users/jasont/Sites/AMPfg10/lib/Cake/Routing/Dispatcher.php(167): Dispatcher->_invoke(Object(UsersController), Object(CakeRequest))
#16 /Users/jasont/Sites/AMPfg10/app/webroot/index.php(117): Dispatcher->dispatch(Object(CakeRequest), Object(CakeResponse))
#17 {main}
2019-03-29 15:35:54 Error: [PDOException] SQLSTATE[42S22]: Column not found: 1054 Unknown column 'FOLDER' in 'field list'
Request URL: /AMPfg10/users/login
Stack Trace:
#0 /Users/jasont/Sites/AMPfg10/lib/Cake/Model/Datasource/DboSource.php(502): PDOStatement->execute(Array)
#1 /Users/jasont/Sites/AMPfg10/lib/Cake/Model/Datasource/DboSource.php(468): DboSource->_execute('SELECT `Catalog...', Array)
#2 /Users/jasont/Sites/AMPfg10/lib/Cake/Model/Datasource/DboSource.php(715): DboSource->execute('SELECT `Catalog...', Array, Array)
#3 /Users/jasont/Sites/AMPfg10/lib/Cake/Model/Datasource/DboSource.php(1587): DboSource->fetchAll('SELECT `Catalog...', Array)
#4 /Users/jasont/Sites/AMPfg10/lib/Cake/Model/Datasource/DboSource.php(1436): DboSource->_fetchHasAndBelongsToMany(Object(User), 'SELECT `Catalog...', Array, 'Catalog')
#5 /Users/jasont/Sites/AMPfg10/lib/Cake/Model/Datasource/DboSource.php(1257): DboSource->queryAssociation(Object(User), Object(Catalog), 'hasAndBelongsTo...', 'Catalog', Array, Array, true, Array, 0, Array)
#6 /Users/jasont/Sites/AMPfg10/lib/Cake/Model/Model.php(3040): DboSource->read(Object(User), Array)
#7 /Users/jasont/Sites/AMPfg10/lib/Cake/Model/Model.php(3012): Model->_readDataSource('all', Array)
#8 /Users/jasont/Sites/AMPfg10/app/Model/User.php(739): Model->find('all', Array)
#9 /Users/jasont/Sites/AMPfg10/app/Controller/AppController.php(407): User->getOwnedCatalogRoots('4')
#10 /Users/jasont/Sites/AMPfg10/app/Controller/UsersController.php(119): AppController->setNodeAccess()
#11 /Users/jasont/Sites/AMPfg10/app/Controller/UsersController.php(57): UsersController->initUser()
#12 [internal function]: UsersController->login()
#13 /Users/jasont/Sites/AMPfg10/lib/Cake/Controller/Controller.php(499): ReflectionMethod->invokeArgs(Object(UsersController), Array)
#14 /Users/jasont/Sites/AMPfg10/lib/Cake/Routing/Dispatcher.php(193): Controller->invokeAction(Object(CakeRequest))
#15 /Users/jasont/Sites/AMPfg10/lib/Cake/Routing/Dispatcher.php(167): Dispatcher->_invoke(Object(UsersController), Object(CakeRequest))
#16 /Users/jasont/Sites/AMPfg10/app/webroot/index.php(117): Dispatcher->dispatch(Object(CakeRequest), Object(CakeResponse))
#17 {main}
2019-03-29 15:42:45 Error: [PDOException] SQLSTATE[42S22]: Column not found: 1054 Unknown column 'FOLDER' in 'field list'
Request URL: /AMPfg10/users/login
Stack Trace:
#0 /Users/jasont/Sites/AMPfg10/lib/Cake/Model/Datasource/DboSource.php(502): PDOStatement->execute(Array)
#1 /Users/jasont/Sites/AMPfg10/lib/Cake/Model/Datasource/DboSource.php(468): DboSource->_execute('SELECT `Catalog...', Array)
#2 /Users/jasont/Sites/AMPfg10/lib/Cake/Model/Datasource/DboSource.php(715): DboSource->execute('SELECT `Catalog...', Array, Array)
#3 /Users/jasont/Sites/AMPfg10/lib/Cake/Model/Datasource/DboSource.php(1587): DboSource->fetchAll('SELECT `Catalog...', Array)
#4 /Users/jasont/Sites/AMPfg10/lib/Cake/Model/Datasource/DboSource.php(1436): DboSource->_fetchHasAndBelongsToMany(Object(User), 'SELECT `Catalog...', Array, 'Catalog')
#5 /Users/jasont/Sites/AMPfg10/lib/Cake/Model/Datasource/DboSource.php(1257): DboSource->queryAssociation(Object(User), Object(Catalog), 'hasAndBelongsTo...', 'Catalog', Array, Array, true, Array, 0, Array)
#6 /Users/jasont/Sites/AMPfg10/lib/Cake/Model/Model.php(3040): DboSource->read(Object(User), Array)
#7 /Users/jasont/Sites/AMPfg10/lib/Cake/Model/Model.php(3012): Model->_readDataSource('all', Array)
#8 /Users/jasont/Sites/AMPfg10/app/Model/User.php(739): Model->find('all', Array)
#9 /Users/jasont/Sites/AMPfg10/app/Controller/AppController.php(407): User->getOwnedCatalogRoots('4')
#10 /Users/jasont/Sites/AMPfg10/app/Controller/UsersController.php(119): AppController->setNodeAccess()
#11 /Users/jasont/Sites/AMPfg10/app/Controller/UsersController.php(57): UsersController->initUser()
#12 [internal function]: UsersController->login()
#13 /Users/jasont/Sites/AMPfg10/lib/Cake/Controller/Controller.php(499): ReflectionMethod->invokeArgs(Object(UsersController), Array)
#14 /Users/jasont/Sites/AMPfg10/lib/Cake/Routing/Dispatcher.php(193): Controller->invokeAction(Object(CakeRequest))
#15 /Users/jasont/Sites/AMPfg10/lib/Cake/Routing/Dispatcher.php(167): Dispatcher->_invoke(Object(UsersController), Object(CakeRequest))
#16 /Users/jasont/Sites/AMPfg10/app/webroot/index.php(117): Dispatcher->dispatch(Object(CakeRequest), Object(CakeResponse))
#17 {main}
